<?xml version="1.0" encoding="UTF-8"?>
<!-- Generated by org.testng.reporters.JUnitXMLReporter -->
<testsuite ignored="0" hostname="Askars-MBP" failures="0" tests="4" name="Default test" time="2.733" errors="0" timestamp="2023-03-14T23:42:39 CDT">
  <testcase classname="api.test.UserTests2" name="testPostUser" time="1.017"/>
  <testcase classname="api.test.UserTests2" name="testGetUserByName" time="0.326"/>
  <testcase classname="api.test.UserTests2" name="testUpdateUser" time="0.715"/>
  <testcase classname="api.test.UserTests2" name="testDeleteUserByName" time="0.331"/>
</testsuite> <!-- Default test -->
