<?xml version="1.0" encoding="UTF-8"?>
<!-- Generated by org.testng.reporters.JUnitXMLReporter -->
<testsuite ignored="0" hostname="Askars-MBP" failures="0" tests="4" name="Test" time="3.211" errors="0" timestamp="2023-03-14T23:44:24 CDT">
  <testcase classname="api.test.UserTests2" name="testPostUser" time="1.103"/>
  <testcase classname="api.test.UserTests2" name="testGetUserByName" time="0.386"/>
  <testcase classname="api.test.UserTests2" name="testUpdateUser" time="0.918"/>
  <testcase classname="api.test.UserTests2" name="testDeleteUserByName" time="0.325"/>
</testsuite> <!-- Test -->
