<?xml version="1.0" encoding="UTF-8"?>
<!-- Generated by org.testng.reporters.JUnitXMLReporter -->
<testsuite ignored="0" hostname="Askars-MBP" failures="0" tests="10" name="Test" time="5.549" errors="0" timestamp="2023-03-15T13:58:04 CDT">
  <testcase classname="api.test.UserTests2" name="testPostUser" time="1.165"/>
  <testcase classname="api.test.UserTests2" name="testGetUserByName" time="0.35"/>
  <testcase classname="api.test.UserTests2" name="testUpdateUser" time="0.681"/>
  <testcase classname="api.test.UserTests2" name="testDeleteUserByName" time="0.365"/>
  <testcase classname="api.test.DDTests" name="testPostUser" time="0.442"/>
  <testcase classname="api.test.DDTests" name="testPostUser" time="0.358"/>
  <testcase classname="api.test.DDTests" name="testPostUser" time="0.329"/>
  <testcase classname="api.test.DDTests" name="testDeleteByName" time="0.377"/>
  <testcase classname="api.test.DDTests" name="testDeleteByName" time="0.288"/>
  <testcase classname="api.test.DDTests" name="testDeleteByName" time="0.304"/>
</testsuite> <!-- Test -->
